<?xml version="1.0" encoding="UTF-8"?>
<testsuite name="LeapYearTest" tests="1" skipped="0" failures="0" errors="0" timestamp="2017-06-29T15:54:20" hostname="epicodus-2.local" time="0.001">
  <properties/>
  <testcase name="isLeapYear_forNumberDivisibleByFour_true" classname="LeapYearTest" time="0.001"/>
  <system-out><![CDATA[]]></system-out>
  <system-err><![CDATA[]]></system-err>
</testsuite>
